[2026-02-28 01:14:18.871] [puff::index::jointLog] [info] Running fixFasta
[2026-02-28 01:14:19.257] [puff::index::jointLog] [warning] Removed 46 transcripts that were sequence duplicates of indexed transcripts.
[2026-02-28 01:14:19.257] [puff::index::jointLog] [warning] If you wish to retain duplicate transcripts, please use the `--keepDuplicates` flag
[2026-02-28 01:14:19.257] [puff::index::jointLog] [info] Replaced 0 non-ATCG nucleotides
[2026-02-28 01:14:19.257] [puff::index::jointLog] [info] Clipped poly-A tails from 0 transcripts
[2026-02-28 01:14:19.328] [puff::index::jointLog] [info] Filter size not provided; estimating from number of distinct k-mers
[2026-02-28 01:14:19.406] [puff::index::jointLog] [info] ntHll estimated 11512632 distinct k-mers, setting filter size to 2^28
[2026-02-28 01:14:23.724] [puff::index::jointLog] [info] Starting the Pufferfish indexing by reading the GFA binary file.
[2026-02-28 01:14:23.724] [puff::index::jointLog] [info] Setting the index/BinaryGfa directory index
[2026-02-28 01:14:23.740] [puff::index::jointLog] [info] Done wrapping the rank vector with a rank9sel structure.
[2026-02-28 01:14:23.740] [puff::index::jointLog] [info] contig count for validation: 23946
[2026-02-28 01:14:23.746] [puff::index::jointLog] [info] Total # of Contigs : 23946
[2026-02-28 01:14:23.746] [puff::index::jointLog] [info] Total # of numerical Contigs : 23946
[2026-02-28 01:14:23.747] [puff::index::jointLog] [info] Total # of contig vec entries: 96248
[2026-02-28 01:14:23.747] [puff::index::jointLog] [info] bits per offset entry 17
[2026-02-28 01:14:23.748] [puff::index::jointLog] [info] Done constructing the contig vector. 23947
[2026-02-28 01:14:23.752] [puff::index::jointLog] [info] # segments = 23946
[2026-02-28 01:14:23.752] [puff::index::jointLog] [info] total length = 12288048
[2026-02-28 01:14:23.753] [puff::index::jointLog] [info] Reading the reference files ...
[2026-02-28 01:14:23.818] [puff::index::jointLog] [info] positional integer width = 24
[2026-02-28 01:14:23.818] [puff::index::jointLog] [info] seqSize = 12288048
[2026-02-28 01:14:23.818] [puff::index::jointLog] [info] rankSize = 12288048
[2026-02-28 01:14:23.818] [puff::index::jointLog] [info] edgeVecSize = 0
[2026-02-28 01:14:23.818] [puff::index::jointLog] [info] num keys = 11569668
[2026-02-28 01:14:24.153] [puff::index::jointLog] [info] mphf size = 7.22732 MB
[2026-02-28 01:14:24.157] [puff::index::jointLog] [info] chunk size = 3072012
[2026-02-28 01:14:24.157] [puff::index::jointLog] [info] chunk 0 = [0, 3072012)
[2026-02-28 01:14:24.157] [puff::index::jointLog] [info] chunk 1 = [3072012, 6144024)
[2026-02-28 01:14:24.157] [puff::index::jointLog] [info] chunk 2 = [6144024, 9216036)
[2026-02-28 01:14:24.157] [puff::index::jointLog] [info] chunk 3 = [9216036, 12288018)
[2026-02-28 01:14:24.389] [puff::index::jointLog] [info] finished populating pos vector
[2026-02-28 01:14:24.389] [puff::index::jointLog] [info] writing index components
[2026-02-28 01:14:24.456] [puff::index::jointLog] [info] finished writing dense pufferfish index
