[2026-02-28 01:22:34.611] [jointLog] [info] setting maxHashResizeThreads to 4
[2026-02-28 01:22:34.611] [jointLog] [info] Fragment incompatibility prior below threshold.  Incompatible fragments will be ignored.
[2026-02-28 01:22:34.611] [jointLog] [info] Usage of --validateMappings implies use of minScoreFraction. Since not explicitly specified, it is being set to 0.65
[2026-02-28 01:22:34.611] [jointLog] [info] Setting consensusSlack to selective-alignment default of 0.35.
[2026-02-28 01:22:34.611] [jointLog] [info] parsing read library format
[2026-02-28 01:22:34.612] [jointLog] [info] There is 1 library.
[2026-02-28 01:22:34.612] [jointLog] [info] Loading pufferfish index
[2026-02-28 01:22:34.613] [jointLog] [info] Loading dense pufferfish index.
[2026-02-28 01:22:34.712] [jointLog] [info] done
[2026-02-28 01:22:34.806] [jointLog] [info] Index contained 6109 targets
[2026-02-28 01:22:34.841] [jointLog] [info] Number of decoys : 17
[2026-02-28 01:22:34.841] [jointLog] [info] First decoy index : 6092 
[2026-02-28 01:22:34.842] [jointLog] [warning] Fragment GC bias correction is currently *experimental* in single-end libraries.  Please use this option with caution.
[2026-02-28 01:22:34.918] [jointLog] [info] Automatically detected most likely library type as U

[2026-02-28 01:22:41.122] [jointLog] [info] Computed 6582 rich equivalence classes for further processing
[2026-02-28 01:22:41.122] [jointLog] [info] Counted 5755117 total reads in the equivalence classes 
[2026-02-28 01:22:41.126] [jointLog] [info] Number of mappings discarded because of alignment score : 277893
[2026-02-28 01:22:41.126] [jointLog] [info] Number of fragments entirely discarded because of alignment score : 78917
[2026-02-28 01:22:41.126] [jointLog] [info] Number of fragments discarded because they are best-mapped to decoys : 51041
[2026-02-28 01:22:41.126] [jointLog] [info] Number of fragments discarded because they have only dovetail (discordant) mappings to valid targets : 0
[2026-02-28 01:22:41.126] [jointLog] [info] Mapping rate = 85.4516%

[2026-02-28 01:22:41.126] [jointLog] [info] finished quantifyLibrary()
[2026-02-28 01:22:41.127] [jointLog] [info] Starting optimizer
[2026-02-28 01:22:41.132] [jointLog] [info] Marked 0 weighted equivalence classes as degenerate
[2026-02-28 01:22:41.135] [jointLog] [info] iteration = 0 | max rel diff. = 2395.54
[2026-02-28 01:22:41.171] [jointLog] [info] iteration 11, adjusting effective lengths to account for biases
[2026-02-28 01:22:41.123] [fileLog] [info] 
At end of round 0
==================
Observed 6734945 total fragments (6734945 in most recent round)

[2026-02-28 01:22:41.572] [jointLog] [info] Computed expected counts (for bias correction)
[2026-02-28 01:22:41.572] [jointLog] [info] processed bias for 0.0% of the transcripts
[2026-02-28 01:22:41.617] [jointLog] [info] processed bias for 10.0% of the transcripts
[2026-02-28 01:22:41.665] [jointLog] [info] processed bias for 20.0% of the transcripts
[2026-02-28 01:22:41.703] [jointLog] [info] processed bias for 30.0% of the transcripts
[2026-02-28 01:22:41.748] [jointLog] [info] processed bias for 40.0% of the transcripts
[2026-02-28 01:22:41.790] [jointLog] [info] processed bias for 50.0% of the transcripts
[2026-02-28 01:22:41.841] [jointLog] [info] processed bias for 60.0% of the transcripts
[2026-02-28 01:22:41.884] [jointLog] [info] processed bias for 70.0% of the transcripts
[2026-02-28 01:22:41.923] [jointLog] [info] processed bias for 80.0% of the transcripts
[2026-02-28 01:22:41.948] [jointLog] [info] processed bias for 90.0% of the transcripts
[2026-02-28 01:22:41.971] [jointLog] [info] processed bias for 100.0% of the transcripts
[2026-02-28 01:22:42.146] [jointLog] [info] iteration = 100 | max rel diff. = 2.4115
[2026-02-28 01:22:42.293] [jointLog] [info] iteration = 176 | max rel diff. = 0.00996103
[2026-02-28 01:22:42.293] [jointLog] [info] Finished optimizer
[2026-02-28 01:22:42.293] [jointLog] [info] writing output 

