[2026-02-28 01:23:23.553] [jointLog] [info] setting maxHashResizeThreads to 4
[2026-02-28 01:23:23.553] [jointLog] [info] Fragment incompatibility prior below threshold.  Incompatible fragments will be ignored.
[2026-02-28 01:23:23.553] [jointLog] [info] Usage of --validateMappings implies use of minScoreFraction. Since not explicitly specified, it is being set to 0.65
[2026-02-28 01:23:23.553] [jointLog] [info] Setting consensusSlack to selective-alignment default of 0.35.
[2026-02-28 01:23:23.553] [jointLog] [info] parsing read library format
[2026-02-28 01:23:23.553] [jointLog] [info] There is 1 library.
[2026-02-28 01:23:23.553] [jointLog] [info] Loading pufferfish index
[2026-02-28 01:23:23.553] [jointLog] [info] Loading dense pufferfish index.
[2026-02-28 01:23:23.623] [jointLog] [info] done
[2026-02-28 01:23:23.683] [jointLog] [info] Index contained 6109 targets
[2026-02-28 01:23:23.712] [jointLog] [info] Number of decoys : 17
[2026-02-28 01:23:23.712] [jointLog] [info] First decoy index : 6092 
[2026-02-28 01:23:23.712] [jointLog] [warning] Fragment GC bias correction is currently *experimental* in single-end libraries.  Please use this option with caution.
[2026-02-28 01:23:23.786] [jointLog] [info] Automatically detected most likely library type as U

[2026-02-28 01:23:31.487] [jointLog] [info] Computed 6545 rich equivalence classes for further processing
[2026-02-28 01:23:31.488] [jointLog] [info] Counted 7491225 total reads in the equivalence classes 
[2026-02-28 01:23:31.490] [jointLog] [info] Number of mappings discarded because of alignment score : 531463
[2026-02-28 01:23:31.490] [jointLog] [info] Number of fragments entirely discarded because of alignment score : 159409
[2026-02-28 01:23:31.490] [jointLog] [info] Number of fragments discarded because they are best-mapped to decoys : 109767
[2026-02-28 01:23:31.490] [jointLog] [info] Number of fragments discarded because they have only dovetail (discordant) mappings to valid targets : 0
[2026-02-28 01:23:31.490] [jointLog] [info] Mapping rate = 82.9515%

[2026-02-28 01:23:31.490] [jointLog] [info] finished quantifyLibrary()
[2026-02-28 01:23:31.491] [jointLog] [info] Starting optimizer
[2026-02-28 01:23:31.495] [jointLog] [info] Marked 0 weighted equivalence classes as degenerate
[2026-02-28 01:23:31.501] [jointLog] [info] iteration = 0 | max rel diff. = 8083.76
[2026-02-28 01:23:31.531] [jointLog] [info] iteration 11, adjusting effective lengths to account for biases
[2026-02-28 01:23:31.488] [fileLog] [info] 
At end of round 0
==================
Observed 9030851 total fragments (9030851 in most recent round)

[2026-02-28 01:23:32.010] [jointLog] [info] Computed expected counts (for bias correction)
[2026-02-28 01:23:32.010] [jointLog] [info] processed bias for 0.0% of the transcripts
[2026-02-28 01:23:32.050] [jointLog] [info] processed bias for 10.0% of the transcripts
[2026-02-28 01:23:32.083] [jointLog] [info] processed bias for 20.0% of the transcripts
[2026-02-28 01:23:32.114] [jointLog] [info] processed bias for 30.0% of the transcripts
[2026-02-28 01:23:32.149] [jointLog] [info] processed bias for 40.0% of the transcripts
[2026-02-28 01:23:32.186] [jointLog] [info] processed bias for 50.0% of the transcripts
[2026-02-28 01:23:32.217] [jointLog] [info] processed bias for 60.0% of the transcripts
[2026-02-28 01:23:32.248] [jointLog] [info] processed bias for 70.0% of the transcripts
[2026-02-28 01:23:32.285] [jointLog] [info] processed bias for 80.0% of the transcripts
[2026-02-28 01:23:32.320] [jointLog] [info] processed bias for 90.0% of the transcripts
[2026-02-28 01:23:32.346] [jointLog] [info] processed bias for 100.0% of the transcripts
[2026-02-28 01:23:32.516] [jointLog] [info] iteration = 100 | max rel diff. = 0.227018
[2026-02-28 01:23:32.704] [jointLog] [info] iteration = 200 | max rel diff. = 0.0410929
[2026-02-28 01:23:32.764] [jointLog] [info] iteration = 228 | max rel diff. = 0.000194952
[2026-02-28 01:23:32.764] [jointLog] [info] Finished optimizer
[2026-02-28 01:23:32.764] [jointLog] [info] writing output 

