[2026-02-28 01:22:50.813] [jointLog] [info] setting maxHashResizeThreads to 4
[2026-02-28 01:22:50.813] [jointLog] [info] Fragment incompatibility prior below threshold.  Incompatible fragments will be ignored.
[2026-02-28 01:22:50.813] [jointLog] [info] Usage of --validateMappings implies use of minScoreFraction. Since not explicitly specified, it is being set to 0.65
[2026-02-28 01:22:50.813] [jointLog] [info] Setting consensusSlack to selective-alignment default of 0.35.
[2026-02-28 01:22:50.813] [jointLog] [info] parsing read library format
[2026-02-28 01:22:50.813] [jointLog] [info] There is 1 library.
[2026-02-28 01:22:50.813] [jointLog] [info] Loading pufferfish index
[2026-02-28 01:22:50.813] [jointLog] [info] Loading dense pufferfish index.
[2026-02-28 01:22:50.925] [jointLog] [info] done
[2026-02-28 01:22:51.007] [jointLog] [info] Index contained 6109 targets
[2026-02-28 01:22:51.038] [jointLog] [info] Number of decoys : 17
[2026-02-28 01:22:51.038] [jointLog] [info] First decoy index : 6092 
[2026-02-28 01:22:51.039] [jointLog] [warning] Fragment GC bias correction is currently *experimental* in single-end libraries.  Please use this option with caution.
[2026-02-28 01:22:51.120] [jointLog] [info] Automatically detected most likely library type as U

[2026-02-28 01:22:56.296] [jointLog] [info] Computed 6591 rich equivalence classes for further processing
[2026-02-28 01:22:56.296] [jointLog] [info] Counted 4657755 total reads in the equivalence classes 
[2026-02-28 01:22:56.299] [jointLog] [info] Number of mappings discarded because of alignment score : 276896
[2026-02-28 01:22:56.299] [jointLog] [info] Number of fragments entirely discarded because of alignment score : 106948
[2026-02-28 01:22:56.299] [jointLog] [info] Number of fragments discarded because they are best-mapped to decoys : 81401
[2026-02-28 01:22:56.299] [jointLog] [info] Number of fragments discarded because they have only dovetail (discordant) mappings to valid targets : 0
[2026-02-28 01:22:56.300] [jointLog] [warning] Only 4657755 fragments were mapped, but the number of burn-in fragments was set to 5000000.
The effective lengths have been computed using the observed mappings.

[2026-02-28 01:22:56.300] [jointLog] [info] Mapping rate = 76.4861%

[2026-02-28 01:22:56.300] [jointLog] [info] finished quantifyLibrary()
[2026-02-28 01:22:56.300] [jointLog] [info] Starting optimizer
[2026-02-28 01:22:56.304] [jointLog] [info] Marked 0 weighted equivalence classes as degenerate
[2026-02-28 01:22:56.306] [jointLog] [info] iteration = 0 | max rel diff. = 58482.1
[2026-02-28 01:22:56.326] [jointLog] [info] iteration 11, adjusting effective lengths to account for biases
[2026-02-28 01:22:56.296] [fileLog] [info] 
At end of round 0
==================
Observed 6089675 total fragments (6089675 in most recent round)

[2026-02-28 01:22:56.639] [jointLog] [info] Computed expected counts (for bias correction)
[2026-02-28 01:22:56.640] [jointLog] [info] processed bias for 0.0% of the transcripts
[2026-02-28 01:22:56.671] [jointLog] [info] processed bias for 10.0% of the transcripts
[2026-02-28 01:22:56.700] [jointLog] [info] processed bias for 20.0% of the transcripts
[2026-02-28 01:22:56.729] [jointLog] [info] processed bias for 30.0% of the transcripts
[2026-02-28 01:22:56.759] [jointLog] [info] processed bias for 40.0% of the transcripts
[2026-02-28 01:22:56.791] [jointLog] [info] processed bias for 50.0% of the transcripts
[2026-02-28 01:22:56.821] [jointLog] [info] processed bias for 60.0% of the transcripts
[2026-02-28 01:22:56.846] [jointLog] [info] processed bias for 70.0% of the transcripts
[2026-02-28 01:22:56.863] [jointLog] [info] processed bias for 80.0% of the transcripts
[2026-02-28 01:22:56.890] [jointLog] [info] processed bias for 90.0% of the transcripts
[2026-02-28 01:22:56.918] [jointLog] [info] processed bias for 100.0% of the transcripts
[2026-02-28 01:22:57.090] [jointLog] [info] iteration = 100 | max rel diff. = 0.435608
[2026-02-28 01:22:57.191] [jointLog] [info] iteration = 150 | max rel diff. = 0.00783353
[2026-02-28 01:22:57.191] [jointLog] [info] Finished optimizer
[2026-02-28 01:22:57.191] [jointLog] [info] writing output 

