[2026-02-28 01:23:05.240] [jointLog] [info] setting maxHashResizeThreads to 4
[2026-02-28 01:23:05.240] [jointLog] [info] Fragment incompatibility prior below threshold.  Incompatible fragments will be ignored.
[2026-02-28 01:23:05.240] [jointLog] [info] Usage of --validateMappings implies use of minScoreFraction. Since not explicitly specified, it is being set to 0.65
[2026-02-28 01:23:05.240] [jointLog] [info] Setting consensusSlack to selective-alignment default of 0.35.
[2026-02-28 01:23:05.240] [jointLog] [info] parsing read library format
[2026-02-28 01:23:05.240] [jointLog] [info] There is 1 library.
[2026-02-28 01:23:05.241] [jointLog] [info] Loading pufferfish index
[2026-02-28 01:23:05.241] [jointLog] [info] Loading dense pufferfish index.
[2026-02-28 01:23:05.316] [jointLog] [info] done
[2026-02-28 01:23:05.374] [jointLog] [info] Index contained 6109 targets
[2026-02-28 01:23:05.401] [jointLog] [info] Number of decoys : 17
[2026-02-28 01:23:05.401] [jointLog] [info] First decoy index : 6092 
[2026-02-28 01:23:05.401] [jointLog] [warning] Fragment GC bias correction is currently *experimental* in single-end libraries.  Please use this option with caution.
[2026-02-28 01:23:05.478] [jointLog] [info] Automatically detected most likely library type as U

[2026-02-28 01:23:13.165] [jointLog] [info] Computed 6480 rich equivalence classes for further processing
[2026-02-28 01:23:13.165] [jointLog] [info] Counted 7298182 total reads in the equivalence classes 
[2026-02-28 01:23:13.168] [jointLog] [info] Number of mappings discarded because of alignment score : 545340
[2026-02-28 01:23:13.168] [jointLog] [info] Number of fragments entirely discarded because of alignment score : 161313
[2026-02-28 01:23:13.168] [jointLog] [info] Number of fragments discarded because they are best-mapped to decoys : 91842
[2026-02-28 01:23:13.168] [jointLog] [info] Number of fragments discarded because they have only dovetail (discordant) mappings to valid targets : 0
[2026-02-28 01:23:13.168] [jointLog] [info] Mapping rate = 83.2631%

[2026-02-28 01:23:13.168] [jointLog] [info] finished quantifyLibrary()
[2026-02-28 01:23:13.168] [jointLog] [info] Starting optimizer
[2026-02-28 01:23:13.171] [jointLog] [info] Marked 0 weighted equivalence classes as degenerate
[2026-02-28 01:23:13.177] [jointLog] [info] iteration = 0 | max rel diff. = 31231.9
[2026-02-28 01:23:13.208] [jointLog] [info] iteration 11, adjusting effective lengths to account for biases
[2026-02-28 01:23:13.165] [fileLog] [info] 
At end of round 0
==================
Observed 8765210 total fragments (8765210 in most recent round)

[2026-02-28 01:23:13.537] [jointLog] [info] Computed expected counts (for bias correction)
[2026-02-28 01:23:13.537] [jointLog] [info] processed bias for 0.0% of the transcripts
[2026-02-28 01:23:13.569] [jointLog] [info] processed bias for 10.0% of the transcripts
[2026-02-28 01:23:13.599] [jointLog] [info] processed bias for 20.0% of the transcripts
[2026-02-28 01:23:13.630] [jointLog] [info] processed bias for 30.0% of the transcripts
[2026-02-28 01:23:13.660] [jointLog] [info] processed bias for 40.0% of the transcripts
[2026-02-28 01:23:13.692] [jointLog] [info] processed bias for 50.0% of the transcripts
[2026-02-28 01:23:13.722] [jointLog] [info] processed bias for 60.0% of the transcripts
[2026-02-28 01:23:13.756] [jointLog] [info] processed bias for 70.0% of the transcripts
[2026-02-28 01:23:13.775] [jointLog] [info] processed bias for 80.0% of the transcripts
[2026-02-28 01:23:13.801] [jointLog] [info] processed bias for 90.0% of the transcripts
[2026-02-28 01:23:13.825] [jointLog] [info] processed bias for 100.0% of the transcripts
[2026-02-28 01:23:13.995] [jointLog] [info] iteration = 100 | max rel diff. = 0.0214025
[2026-02-28 01:23:14.179] [jointLog] [info] iteration = 200 | max rel diff. = 0.0110092
[2026-02-28 01:23:14.202] [jointLog] [info] iteration = 209 | max rel diff. = 0.00991561
[2026-02-28 01:23:14.202] [jointLog] [info] Finished optimizer
[2026-02-28 01:23:14.202] [jointLog] [info] writing output 

