[2026-02-28 01:22:16.203] [jointLog] [info] setting maxHashResizeThreads to 4
[2026-02-28 01:22:16.203] [jointLog] [info] Fragment incompatibility prior below threshold.  Incompatible fragments will be ignored.
[2026-02-28 01:22:16.203] [jointLog] [info] Usage of --validateMappings implies use of minScoreFraction. Since not explicitly specified, it is being set to 0.65
[2026-02-28 01:22:16.204] [jointLog] [info] Setting consensusSlack to selective-alignment default of 0.35.
[2026-02-28 01:22:16.204] [jointLog] [info] parsing read library format
[2026-02-28 01:22:16.204] [jointLog] [info] There is 1 library.
[2026-02-28 01:22:16.204] [jointLog] [info] Loading pufferfish index
[2026-02-28 01:22:16.204] [jointLog] [info] Loading dense pufferfish index.
[2026-02-28 01:22:16.278] [jointLog] [info] done
[2026-02-28 01:22:16.497] [jointLog] [info] Index contained 6109 targets
[2026-02-28 01:22:16.543] [jointLog] [info] Number of decoys : 17
[2026-02-28 01:22:16.543] [jointLog] [info] First decoy index : 6092 
[2026-02-28 01:22:16.543] [jointLog] [warning] Fragment GC bias correction is currently *experimental* in single-end libraries.  Please use this option with caution.
[2026-02-28 01:22:16.630] [jointLog] [info] Automatically detected most likely library type as U

[2026-02-28 01:22:23.805] [jointLog] [info] Computed 6593 rich equivalence classes for further processing
[2026-02-28 01:22:23.805] [jointLog] [info] Counted 6438096 total reads in the equivalence classes 
[2026-02-28 01:22:23.807] [jointLog] [info] Number of mappings discarded because of alignment score : 279191
[2026-02-28 01:22:23.807] [jointLog] [info] Number of fragments entirely discarded because of alignment score : 82717
[2026-02-28 01:22:23.807] [jointLog] [info] Number of fragments discarded because they are best-mapped to decoys : 55199
[2026-02-28 01:22:23.807] [jointLog] [info] Number of fragments discarded because they have only dovetail (discordant) mappings to valid targets : 0
[2026-02-28 01:22:23.807] [jointLog] [info] Mapping rate = 85.5214%

[2026-02-28 01:22:23.807] [jointLog] [info] finished quantifyLibrary()
[2026-02-28 01:22:23.808] [jointLog] [info] Starting optimizer
[2026-02-28 01:22:23.813] [jointLog] [info] Marked 0 weighted equivalence classes as degenerate
[2026-02-28 01:22:23.819] [jointLog] [info] iteration = 0 | max rel diff. = 7121.75
[2026-02-28 01:22:23.862] [jointLog] [info] iteration 11, adjusting effective lengths to account for biases
[2026-02-28 01:22:23.805] [fileLog] [info] 
At end of round 0
==================
Observed 7528054 total fragments (7528054 in most recent round)

[2026-02-28 01:22:24.230] [jointLog] [info] Computed expected counts (for bias correction)
[2026-02-28 01:22:24.230] [jointLog] [info] processed bias for 0.0% of the transcripts
[2026-02-28 01:22:24.265] [jointLog] [info] processed bias for 10.0% of the transcripts
[2026-02-28 01:22:24.296] [jointLog] [info] processed bias for 20.0% of the transcripts
[2026-02-28 01:22:24.332] [jointLog] [info] processed bias for 30.0% of the transcripts
[2026-02-28 01:22:24.371] [jointLog] [info] processed bias for 40.0% of the transcripts
[2026-02-28 01:22:24.407] [jointLog] [info] processed bias for 50.0% of the transcripts
[2026-02-28 01:22:24.436] [jointLog] [info] processed bias for 60.0% of the transcripts
[2026-02-28 01:22:24.471] [jointLog] [info] processed bias for 70.0% of the transcripts
[2026-02-28 01:22:24.500] [jointLog] [info] processed bias for 80.0% of the transcripts
[2026-02-28 01:22:24.528] [jointLog] [info] processed bias for 90.0% of the transcripts
[2026-02-28 01:22:24.537] [jointLog] [info] processed bias for 100.0% of the transcripts
[2026-02-28 01:22:24.537] [jointLog] [info] processed bias for 100.0% of the transcripts
[2026-02-28 01:22:24.713] [jointLog] [info] iteration = 100 | max rel diff. = 0.0283048
[2026-02-28 01:22:24.833] [jointLog] [info] iteration = 162 | max rel diff. = 0.00826183
[2026-02-28 01:22:24.833] [jointLog] [info] Finished optimizer
[2026-02-28 01:22:24.833] [jointLog] [info] writing output 

